GET / 304 - - 4.468 ms
GET /courses/*/*/*/*/0 304 - - 4.649 ms
GET / 304 - - 3.493 ms
GET /courses/*/*/*/*/0 304 - - 4.403 ms
GET /courses/INFOMLHVL 304 - - 0.553 ms
GET /course-info/INFOMLHVL 304 - - 1.049 ms
GET /enrollable/INFOMLHVL 304 - - 0.762 ms
GET /courses/WBMV13005 304 - - 3.874 ms
GET /enrollable/WBMV13005 304 - - 1.802 ms
GET /course-info/WBMV13005 304 - - 5.499 ms
GET /images/RLemhoff.jpg 404 158 - 1.466 ms
GET / 304 - - 4.103 ms
GET /courses/*/*/*/*/0 304 - - 6.895 ms
GET /courses/INFOMCM 304 - - 0.800 ms
GET /enrollable/INFOMCM 304 - - 0.540 ms
GET /course-info/INFOMCM 304 - - 2.130 ms
GET /courses/INFOMAA 200 1993 - 2.131 ms
GET /enrollable/INFOMAA 200 51 - 0.607 ms
GET /course-info/INFOMAA 200 481 - 2.425 ms
GET /login 200 748 - 5.834 ms
POST /login 302 58 - 95.152 ms
GET /browse 200 2357 - 1.171 ms
GET /courses/*/*/*/*/0 304 - - 2.310 ms
GET /courses/*/*/*/*/1 304 - - 1.409 ms
GET /browse/courses/INFOIAG 304 - - 0.687 ms
GET /course-info/INFOIAG 304 - - 1.244 ms
GET /enrollable/INFOIAG 200 2 - 2.031 ms
GET /logout 302 46 - 0.459 ms
GET / 304 - - 0.493 ms
GET /courses/*/*/*/*/0 304 - - 2.185 ms
GET /courses/INFOIAG 304 - - 0.522 ms
GET /enrollable/INFOIAG 200 51 - 0.298 ms
GET /course-info/INFOIAG 304 - - 1.419 ms
GET /images/PYolum.jpg 404 156 - 0.822 ms
GET /courses/INFOMCARG 200 1993 - 0.727 ms
GET /enrollable/INFOMCARG 304 - - 1.807 ms
GET /course-info/INFOMCARG 304 - - 2.623 ms
GET /images/HPrakken.jpg 404 158 - 0.596 ms
GET / 304 - - 3.327 ms
GET /courses/*/*/*/*/0 304 - - 4.686 ms
GET /courses/*/Computer%20Science/*/*/0 200 9776 - 1.785 ms
GET /courses/network/Computer%20Science/*/*/0 200 2 - 0.773 ms
GET /courses/network/Computer%20Science/*/*/0 304 - - 0.666 ms
GET /courses/network/*/*/*/0 200 2 - 0.630 ms
GET /courses/network/*/*/*/0 304 - - 5.436 ms
GET /courses/*/*/*/*/0 304 - - 1.849 ms
GET /courses/*/*/*/1/0 200 9912 - 1.509 ms
GET /courses/*/*/BSc/1/0 200 2 - 0.838 ms
GET /courses/*/*/BSc/2/0 200 2 - 0.748 ms
GET /courses/*/*/BSc/3/0 200 2 - 0.752 ms
GET / 304 - - 3.518 ms
GET /courses/*/*/BSc/3/0 304 - - 4.658 ms
GET / 304 - - 4.417 ms
GET /courses/*/*/BSc/3/0 304 - - 4.595 ms
GET / 304 - - 3.755 ms
GET /courses/*/*/BSc/3/0 304 - - 5.223 ms
GET /courses/*/*/BSc/3/0 304 - - 1.149 ms
GET / 304 - - 3.537 ms
GET /courses/*/*/BSc/3/0 304 - - 4.686 ms
GET /courses/*/*/BSc/*/0 200 9776 - 1.850 ms
GET /courses/*/*/BSc/1/0 304 - - 0.938 ms
GET /courses/*/Computer%20Science/BSc/*/0 200 2 - 1.043 ms
GET / 304 - - 3.548 ms
GET /courses/*/Computer%20Science/BSc/*/0 304 - - 4.870 ms
GET /courses/*/Computer%20Science/*/*/0 304 - - 1.655 ms
GET /courses/*/Computer%20Science/BSc/*/0 304 - - 0.929 ms
GET /courses/*/*/BSc/*/0 304 - - 1.424 ms
GET /courses/*/Mathematics/BSc/*/0 200 2 - 1.178 ms
GET /courses/*/Mathematics/*/*/0 200 6481 - 1.272 ms
GET /courses/*/Mathematics/*/3/0 200 2 - 0.957 ms
GET /courses/*/*/*/3/0 200 8136 - 1.206 ms
GET /courses/*/*/*/3/0 304 - - 7.178 ms
GET /courses/*/*/BSc/3/0 304 - - 1.328 ms
GET / 304 - - 3.471 ms
GET /courses/*/*/BSc/3/0 304 - - 5.010 ms
GET /courses/*/*/BSc/*/0 304 - - 6.252 ms
GET /courses/*/Computer%20Science/*/*/0 304 - - 3.073 ms
GET /courses/*/Computer%20Science/*/*/1 304 - - 2.444 ms
GET /courses/*/Computer%20Science/BSc/*/0 304 - - 1.043 ms
GET /courses/*/*/*/*/0 304 - - 6.455 ms
GET /courses/network/*/*/*/0 304 - - 0.945 ms
GET / 304 - - 3.490 ms
GET /courses/network/*/*/*/0 304 - - 4.976 ms
GET /courses/network/*/*/*/0 304 - - 1.004 ms
GET / 304 - - 3.709 ms
GET /courses/network/*/*/*/0 200 993 - 5.676 ms
GET /courses/network/Computer%20Science/*/*/0 304 - - 1.599 ms
GET /courses/*/Computer%20Science/*/*/0 304 - - 3.547 ms
GET /courses/*/Computer%20Science/BSc/*/0 304 - - 1.113 ms
GET / 304 - - 3.727 ms
GET /courses/*/Computer%20Science/BSc/*/0 304 - - 5.801 ms
GET /courses/*/Computer%20Science/BSc/*/0 304 - - 1.226 ms
GET /courses/*/*/BSc/*/0 304 - - 10.994 ms
GET /courses/INFOMSO 200 1993 - 2.534 ms
GET /course-info/INFOMSO 304 - - 1.454 ms
GET /enrollable/INFOMSO 304 - - 0.845 ms
GET /images/JEgges.jpg 404 156 - 1.433 ms
GET /courses/INFOB1LI 200 1993 - 0.700 ms
GET /enrollable/INFOB1LI 200 51 - 0.357 ms
GET /course-info/INFOB1LI 200 993 - 1.935 ms
GET /courses/*/*/BSc/*/0 304 - - 4.063 ms
GET / 304 - - 3.592 ms
GET /courses/*/*/BSc/*/0 304 - - 4.100 ms
GET /courses/*/*/BSc/1/0 304 - - 1.072 ms
GET /courses/INFOB1LI 304 - - 3.579 ms
GET /enrollable/INFOB1LI 304 - - 1.305 ms
GET /course-info/INFOB1LI 304 - - 4.236 ms
GET / 304 - - 0.518 ms
GET /courses/*/*/*/*/0 304 - - 1.927 ms
GET /courses/*/Computer%20Science/BSc/*/0 304 - - 1.025 ms
GET / 304 - - 3.962 ms
GET /courses/*/Computer%20Science/BSc/*/0 304 - - 5.365 ms
GET / 304 - - 3.318 ms
GET /courses/*/Computer%20Science/BSc/*/0 304 - - 3.928 ms
GET /courses/*/Computer%20Science/BSc/*/0 304 - - 0.932 ms
GET / 304 - - 3.815 ms
GET /courses/*/Computer%20Science/BSc/*/0 304 - - 4.756 ms
GET / 304 - - 3.887 ms
GET /courses/*/Computer%20Science/BSc/*/0 304 - - 4.066 ms
GET /courses/*/*/MSc/*/0 200 2 - 1.273 ms
GET / 304 - - 3.673 ms
GET /courses/*/*/MSc/*/0 304 - - 4.416 ms
GET /courses/*/*/MSc/*/0 304 - - 1.015 ms
GET / 304 - - 3.817 ms
GET /courses/*/*/MSc/*/0 200 14545 - 5.401 ms
GET /courses/*/Computer%20Science/MSc/*/0 200 2 - 0.907 ms
GET /courses/*/Computer%20Science/BSc/*/0 304 - - 1.150 ms
GET / 304 - - 4.085 ms
GET /courses/*/Computer%20Science/BSc/*/0 304 - - 4.664 ms
GET /courses/*/Computer%20Science/BSc/*/0 304 - - 0.868 ms
GET /courses/*/Computer%20Science/*/*/0 200 2 - 1.308 ms
GET /courses/*/Computer%20Science/*/1/0 200 2 - 6.910 ms
GET /courses/*/Computer%20Science/*/1/0 304 - - 7.281 ms
GET /courses/network/*/*/1/0 200 2 - 1.372 ms
GET /courses/network/*/*/*/0 200 2 - 0.970 ms
GET / 304 - - 4.084 ms
GET /courses/network/*/*/*/0 304 - - 4.876 ms
GET /courses/network/*/*/*/0 304 - - 0.951 ms
GET /courses/network/*/*/*/0 304 - - 0.897 ms
GET / 304 - - 3.856 ms
GET /courses/network/*/*/*/0 200 993 - 5.845 ms
GET /courses/*/Computer%20Science/*/*/0 200 9776 - 1.514 ms
GET / 304 - - 3.532 ms
GET /courses/*/Computer%20Science/*/*/0 304 - - 5.375 ms
GET /courses/*/Computer%20Science/BSc/*/0 200 9776 - 1.316 ms
GET /courses/*/Computer%20Science/BSc/1/0 200 5123 - 1.445 ms
GET /courses/network/Computer%20Science/BSc/1/0 200 993 - 1.071 ms
GET /login 200 748 - 4.555 ms
POST /login 302 58 - 93.343 ms
GET /browse 200 2357 - 0.879 ms
GET /courses/*/*/*/*/0 304 - - 2.511 ms
GET /account 304 - - 0.582 ms
GET /account/info 304 - - 1.077 ms
GET /browse 302 46 - 4.917 ms
GET / 304 - - 1.665 ms
GET /courses/*/*/*/*/0 304 - - 4.210 ms
GET /courses/INFOIAG 304 - - 0.581 ms
GET /enrollable/INFOIAG 304 - - 0.454 ms
GET /course-info/INFOIAG 304 - - 1.814 ms
GET /images/PYolum.jpg 404 156 - 1.054 ms
GET / 304 - - 0.466 ms
GET /courses/*/*/*/*/0 304 - - 1.435 ms
GET /login 200 748 - 1.807 ms
POST /login 302 58 - 91.396 ms
GET /browse 200 2357 - 0.756 ms
GET /courses/*/*/*/*/0 304 - - 1.831 ms
GET /browse/courses/INFOMLHVL 304 - - 0.568 ms
GET /course-info/INFOMLHVL 304 - - 1.175 ms
GET /enrollable/INFOMLHVL 200 2 - 2.250 ms
GET /enrolled-courses 302 46 - 5.341 ms
GET / 304 - - 1.466 ms
GET /courses/*/*/*/*/0 304 - - 4.037 ms
GET /login 200 748 - 1.802 ms
POST /login 302 58 - 91.424 ms
GET /browse 200 2357 - 1.323 ms
GET /courses/*/*/*/*/0 304 - - 1.610 ms
GET /enrolled-courses 200 552 - 1.554 ms
GET /account/courses 304 - - 0.978 ms
GET /browse 304 - - 0.548 ms
GET /courses/*/*/*/*/0 304 - - 1.575 ms
GET /courses/*/*/*/*/1 304 - - 1.317 ms
GET /browse/courses/INFOFP 200 1754 - 1.089 ms
GET /course-info/INFOFP 200 1634 - 1.111 ms
GET /enrollable/INFOFP 200 6 - 1.795 ms
POST /enroll/INFOFP 200 7 - 1.240 ms
GET /enrollable/INFOFP 200 5 - 1.189 ms
GET /enrolled-courses 304 - - 0.432 ms
GET /account/courses 200 51 - 0.803 ms
GET /course-info/INFOFP 304 - - 0.790 ms
GET /account 302 46 - 4.595 ms
GET / 304 - - 1.439 ms
GET /courses/*/*/*/*/0 304 - - 9.240 ms
GET /login 200 748 - 1.941 ms
POST /login 302 58 - 91.722 ms
GET /browse 200 2357 - 0.970 ms
GET /courses/*/*/*/*/0 304 - - 2.374 ms
GET /courses/*/*/*/*/1 304 - - 1.246 ms
GET /browse/courses/INFOIMP 200 1754 - 1.409 ms
GET /course-info/INFOIMP 200 1332 - 1.384 ms
GET /enrollable/INFOIMP 200 6 - 2.571 ms
GET /enrolled-courses 304 - - 0.542 ms
GET /account/courses 304 - - 0.864 ms
GET /course-info/INFOFP 304 - - 0.793 ms
GET /browse 304 - - 0.443 ms
GET /courses/*/*/*/*/0 304 - - 1.467 ms
GET /courses/*/*/*/*/1 304 - - 1.281 ms
GET /browse/courses/INFOFP 304 - - 0.466 ms
GET /course-info/INFOFP 304 - - 1.071 ms
GET /enrollable/INFOFP 304 - - 1.692 ms
GET /browse/courses/INFOFP 302 74 - 5.021 ms
GET /courses/INFOFP 200 1993 - 2.571 ms
GET /enrollable/INFOFP 200 51 - 1.193 ms
GET /course-info/INFOFP 304 - - 4.369 ms
GET /login 200 748 - 0.822 ms
POST /login 302 58 - 90.335 ms
GET /browse 200 2357 - 0.832 ms
GET /courses/*/*/*/*/0 304 - - 1.754 ms
GET /browse/courses/INFOIAG 200 2062 - 0.688 ms
GET /course-info/INFOIAG 304 - - 1.803 ms
GET /enrollable/INFOIAG 200 2 - 2.304 ms
GET /images/PYolum.jpg 404 156 - 0.861 ms
GET /courses/*/*/*/*/1 304 - - 1.246 ms
GET /browse/courses/INFOB3OMI 200 2062 - 0.712 ms
GET /course-info/INFOB3OMI 304 - - 1.289 ms
GET /enrollable/INFOB3OMI 200 6 - 1.760 ms
GET /browse/courses/INFOMLHVL 302 80 - 4.876 ms
GET /courses/INFOMLHVL 304 - - 1.562 ms
GET /enrollable/INFOMLHVL 200 51 - 3.317 ms
GET /course-info/INFOMLHVL 304 - - 5.558 ms
GET /browse/courses/INFOMLHVL 302 80 - 0.448 ms
GET /courses/INFOMLHVL 304 - - 0.415 ms
GET /enrollable/INFOMLHVL 304 - - 0.284 ms
GET /course-info/INFOMLHVL 304 - - 1.719 ms
GET /browse 302 46 - 0.482 ms
GET / 304 - - 0.540 ms
GET /courses/*/*/*/*/0 304 - - 2.716 ms
GET /login 200 748 - 1.843 ms
POST /login 302 58 - 92.083 ms
GET /browse 200 2357 - 0.726 ms
GET /courses/*/*/*/*/0 304 - - 1.551 ms
GET /logout 302 46 - 0.408 ms
GET / 304 - - 0.462 ms
GET /courses/*/*/*/*/0 304 - - 1.416 ms
GET /login 200 748 - 0.618 ms
GET /login 304 - - 0.437 ms
POST /login 302 58 - 76.841 ms
GET /browse 200 2357 - 0.730 ms
GET /courses/*/*/*/*/0 304 - - 1.558 ms
GET /browse/courses/INFOMLHVL 200 2162 - 0.772 ms
GET /course-info/INFOMLHVL 304 - - 1.247 ms
GET /enrollable/INFOMLHVL 200 2 - 2.723 ms
GET /browse/courses/INFOMLHVL 200 2546 - 0.794 ms
GET /course-info/INFOMLHVL 304 - - 1.211 ms
GET /enrollable/INFOMLHVL 304 - - 1.510 ms
GET /browse/courses/INFOMLHVL 200 2585 - 0.658 ms
GET /course-info/INFOMLHVL 304 - - 1.121 ms
GET /enrollable/INFOMLHVL 304 - - 1.177 ms
GET /browse/courses/INFOMLHVL 200 2645 - 1.231 ms
GET /course-info/INFOMLHVL 304 - - 0.861 ms
GET /enrollable/INFOMLHVL 304 - - 1.505 ms
POST /rate 404 144 - 0.774 ms
GET /browse/courses/INFOMLHVL 200 2720 - 0.627 ms
GET /course-info/INFOMLHVL 304 - - 1.847 ms
GET /enrollable/INFOMLHVL 304 - - 1.487 ms
GET /browse/courses/INFOMLHVL 200 2782 - 0.701 ms
GET /course-info/INFOMLHVL 304 - - 1.008 ms
GET /enrollable/INFOMLHVL 304 - - 1.508 ms
GET /browse/courses/INFOMLHVL 200 2821 - 0.662 ms
GET /course-info/INFOMLHVL 304 - - 1.053 ms
GET /enrollable/INFOMLHVL 304 - - 1.333 ms
GET /browse/courses/INFOMLHVL 200 2831 - 0.641 ms
GET /course-info/INFOMLHVL 304 - - 2.367 ms
GET /enrollable/INFOMLHVL 304 - - 2.584 ms
GET /browse/courses/INFOMLHVL 200 2831 - 0.441 ms
GET /course-info/INFOMLHVL 304 - - 0.944 ms
GET /enrollable/INFOMLHVL 304 - - 2.605 ms
GET /logout 302 46 - 0.358 ms
GET / 304 - - 0.395 ms
GET /courses/*/*/*/*/0 304 - - 1.436 ms
GET /courses/INFOIAG 200 2049 - 0.625 ms
GET /enrollable/INFOIAG 200 51 - 0.228 ms
GET /course-info/INFOIAG 304 - - 1.149 ms
GET /images/PYolum.jpg 404 156 - 0.481 ms
